Android/BroadcastTest/app/build/intermediates/manifest_merge_blame_file/debug/manifest-merger-blame-debug-report.txt
1<?xml version="1.0" encoding="utf-8"?>
2<manifest xmlns:android="http://schemas.android.com/apk/res/android"
3    package="com.example.broadcasttest"
4    android:versionCode="1"
5    android:versionName="1.0" >
6
7    <uses-sdk
8        android:minSdkVersion="21"
8-->src\main\AndroidManifest.xml
9        android:targetSdkVersion="29" />
9-->src\main\AndroidManifest.xml
10
11    <uses-permission android:name="android.permission.ACCESS_NETWORK_STATE" />
11-->src\main\AndroidManifest.xml:5:5-79
11-->src\main\AndroidManifest.xml:5:22-76
12    <uses-permission android:name="android.permission.RECEIVE_BOOT_COMPLETED" />
12-->src\main\AndroidManifest.xml:6:5-81
12-->src\main\AndroidManifest.xml:6:22-78
13
14    <application
14-->src\main\AndroidManifest.xml:8:5-39:19
15        android:allowBackup="true"
15-->src\main\AndroidManifest.xml:9:9-35
16        android:appComponentFactory="androidx.core.app.CoreComponentFactory"
16-->[androidx.core:core:1.3.1] AndroidManifest.xml:24:18-86
17        android:debuggable="true"
18        android:icon="@mipmap/ic_launcher"
18-->src\main\AndroidManifest.xml:10:9-43
19        android:label="@string/app_name"
19-->src\main\AndroidManifest.xml:11:9-41
20        android:roundIcon="@mipmap/ic_launcher_round"
20-->src\main\AndroidManifest.xml:12:9-54
21        android:supportsRtl="true"
21-->src\main\AndroidManifest.xml:13:9-35
22        android:testOnly="true"
23        android:theme="@style/Theme.BroadcastTest" >
23-->src\main\AndroidManifest.xml:14:9-51
24        <receiver
24-->src\main\AndroidManifest.xml:15:9-22:20
25            android:name="com.example.broadcasttest.MyReceiver"
25-->src\main\AndroidManifest.xml:16:13-39
26            android:enabled="true"
26-->src\main\AndroidManifest.xml:17:13-35
27            android:exported="true" >
27-->src\main\AndroidManifest.xml:18:13-36
28            <intent-filter>
28-->src\main\AndroidManifest.xml:19:13-21:29
29                <action android:name="com.example.broadcasttest.MY_BROADCAST" />
29-->src\main\AndroidManifest.xml:20:17-80
29-->src\main\AndroidManifest.xml:20:25-78
30            </intent-filter>
31        </receiver>
32        <receiver
32-->src\main\AndroidManifest.xml:23:9-30:20
33            android:name="com.example.broadcasttest.BootCompleteReceiver"
33-->src\main\AndroidManifest.xml:24:13-49
34            android:enabled="true"
34-->src\main\AndroidManifest.xml:25:13-35
35            android:exported="true" >
35-->src\main\AndroidManifest.xml:26:13-36
36            <intent-filter>
36-->src\main\AndroidManifest.xml:27:13-29:29
37                <action android:name="android.intent.action.BOOT_COMPLETED" />
37-->src\main\AndroidManifest.xml:28:17-79
37-->src\main\AndroidManifest.xml:28:25-76
38            </intent-filter>
39        </receiver>
40
41        <activity android:name="com.example.broadcasttest.MainActivity" >
41-->src\main\AndroidManifest.xml:32:9-38:20
41-->src\main\AndroidManifest.xml:32:19-47
42            <intent-filter>
42-->src\main\AndroidManifest.xml:33:13-37:29
43                <action android:name="android.intent.action.MAIN" />
43-->src\main\AndroidManifest.xml:34:17-69
43-->src\main\AndroidManifest.xml:34:25-66
44
45                <category android:name="android.intent.category.LAUNCHER" />
45-->src\main\AndroidManifest.xml:36:17-77
45-->src\main\AndroidManifest.xml:36:27-74
46            </intent-filter>
47        </activity>
48    </application>
49
50</manifest>